<?xml version="1.0" encoding="UTF-8"?>
<!-- Generated by org.testng.reporters.JUnitReportReporter -->
<testsuite hostname="DESKTOP-S8R4H3J" failures="0" tests="2" name="TESTNG_Basics.XMLParameter" time="36.808" errors="0" timestamp="2023-10-02T13:30:13 IST" skipped="0">
  <testcase classname="TESTNG_Basics.XMLParameter" name="login" time="22.139"/>
  <system-out/>
  <testcase classname="TESTNG_Basics.XMLParameter" name="login" time="14.669"/>
  <system-out/>
</testsuite> <!-- TESTNG_Basics.XMLParameter -->
