<?xml version="1.0" encoding="UTF-8"?>
<!-- Generated by org.testng.reporters.JUnitReportReporter -->
<testsuite hostname="DESKTOP-S8R4H3J" failures="0" tests="3" name="TESTNG_Basics.Invocationcount" time="0.025" errors="0" timestamp="2023-09-24T17:17:17 IST" skipped="0">
  <testcase classname="TESTNG_Basics.Invocationcount" name="M1" time="0.011"/>
  <system-out/>
  <testcase classname="TESTNG_Basics.Invocationcount" name="M1" time="0.004"/>
  <system-out/>
  <testcase classname="TESTNG_Basics.Invocationcount" name="M1" time="0.010"/>
  <system-out/>
</testsuite> <!-- TESTNG_Basics.Invocationcount -->
