<?xml version="1.0" encoding="UTF-8"?>
<!-- Generated by org.testng.reporters.JUnitReportReporter -->
<testsuite hostname="DESKTOP-S8R4H3J" failures="0" tests="2" name="TESTNG_Basics.ANNOTATIONDEMO" time="0.051" errors="0" timestamp="2023-09-24T17:17:17 IST" skipped="0">
  <testcase classname="TESTNG_Basics.ANNOTATIONDEMO" name="validateLogin" time="0.034"/>
  <system-out/>
  <testcase classname="TESTNG_Basics.ANNOTATIONDEMO" name="ValidateTitle" time="0.017"/>
  <system-out/>
</testsuite> <!-- TESTNG_Basics.ANNOTATIONDEMO -->
