<?xml version="1.0" encoding="UTF-8"?>
<!-- Generated by org.testng.reporters.JUnitReportReporter -->
<testsuite hostname="DESKTOP-S8R4H3J" failures="0" tests="3" name="TESTNG_Basics.Groups_Demo" time="0.015" errors="0" timestamp="2023-09-24T17:17:17 IST" skipped="0">
  <testcase classname="TESTNG_Basics.Groups_Demo" name="MobileTc3" time="0.003"/>
  <system-out/>
  <testcase classname="TESTNG_Basics.Groups_Demo" name="MobileTc1" time="0.008"/>
  <system-out/>
  <testcase classname="TESTNG_Basics.Groups_Demo" name="MobileTc2" time="0.004"/>
  <system-out/>
</testsuite> <!-- TESTNG_Basics.Groups_Demo -->
