<?xml version="1.0" encoding="UTF-8"?>
<!-- Generated by org.testng.reporters.JUnitReportReporter -->
<testsuite hostname="DESKTOP-S8R4H3J" failures="0" tests="3" name="TESTNG_Basics.Priority_Demo" time="0.013" errors="0" timestamp="2023-09-24T17:17:17 IST" skipped="0">
  <testcase classname="TESTNG_Basics.Priority_Demo" name="Apple" time="0.001"/>
  <system-out/>
  <testcase classname="TESTNG_Basics.Priority_Demo" name="Coconut" time="0.003"/>
  <system-out/>
  <testcase classname="TESTNG_Basics.Priority_Demo" name="Pinaaple" time="0.009"/>
  <system-out/>
</testsuite> <!-- TESTNG_Basics.Priority_Demo -->
